  [1m[36m (1.2ms)[0m  [1mCREATE TABLE "schema_migrations" ("version" varchar NOT NULL) [0m
  [1m[35m (0.0ms)[0m  select sqlite_version(*)
  [1m[36m (1.0ms)[0m  [1mCREATE UNIQUE INDEX "unique_schema_migrations" ON "schema_migrations" ("version")[0m
  [1m[35mActiveRecord::SchemaMigration Load (0.1ms)[0m  SELECT "schema_migrations".* FROM "schema_migrations"
  [1m[36mActiveRecord::SchemaMigration Load (0.1ms)[0m  [1mSELECT "schema_migrations".* FROM "schema_migrations"[0m
Migrating to CreatePosts (20151230232412)
  [1m[35m (0.1ms)[0m  begin transaction
  [1m[36m (0.4ms)[0m  [1mCREATE TABLE "posts" ("id" INTEGER PRIMARY KEY AUTOINCREMENT NOT NULL, "title" varchar, "description" text, "created_at" datetime NOT NULL, "updated_at" datetime NOT NULL) [0m
  [1m[35mSQL (0.2ms)[0m  INSERT INTO "schema_migrations" ("version") VALUES (?)  [["version", "20151230232412"]]
  [1m[36m (1.3ms)[0m  [1mcommit transaction[0m
  [1m[35mActiveRecord::SchemaMigration Load (0.1ms)[0m  SELECT "schema_migrations".* FROM "schema_migrations"


Started GET "/posts/new" for ::1 at 2015-12-31 13:44:56 -0600
  [1m[36mActiveRecord::SchemaMigration Load (0.1ms)[0m  [1mSELECT "schema_migrations".* FROM "schema_migrations"[0m
Processing by PostsController#new as HTML
  Rendered posts/new.html.erb within layouts/application (2.1ms)
Completed 200 OK in 347ms (Views: 326.8ms | ActiveRecord: 0.2ms)


Started GET "/assets/application.self-e80e8f2318043e8af94dddc2adad5a4f09739a8ebb323b3ab31cd71d45fd9113.css?body=1" for ::1 at 2015-12-31 13:44:57 -0600


Started GET "/assets/application.self-3b8dabdc891efe46b9a144b400ad69e37d7e5876bdc39dee783419a69d7ca819.js?body=1" for ::1 at 2015-12-31 13:44:57 -0600


Started POST "/posts" for ::1 at 2015-12-31 13:45:03 -0600
Processing by PostsController#create as HTML
  Parameters: {"utf8"=>"✓", "authenticity_token"=>"mFCuNJP5reOW19phdr4zXRLzOMo4NZQ3wneiVR+RO/+owIoDiOxh24iHKkZ7DGazxbSIoRmvIOmJgA4gog1sGg==", "title"=>"Rails Introduction Quiz", "description"=>"asdfasdf", "commit"=>"Submit Post"}
  [1m[35m (0.1ms)[0m  begin transaction
  [1m[36mSQL (0.4ms)[0m  [1mINSERT INTO "posts" ("title", "description", "created_at", "updated_at") VALUES (?, ?, ?, ?)[0m  [["title", "Rails Introduction Quiz"], ["description", "asdfasdf"], ["created_at", "2015-12-31 19:45:03.614973"], ["updated_at", "2015-12-31 19:45:03.614973"]]
  [1m[35m (1.2ms)[0m  commit transaction
Redirected to http://localhost:3000/posts/1
Completed 302 Found in 22ms (ActiveRecord: 1.7ms)


Started GET "/posts/1" for ::1 at 2015-12-31 13:45:03 -0600
Processing by PostsController#show as HTML
  Parameters: {"id"=>"1"}
  [1m[36mPost Load (0.2ms)[0m  [1mSELECT  "posts".* FROM "posts" WHERE "posts"."id" = ? LIMIT 1[0m  [["id", 1]]
  Rendered posts/show.html.erb within layouts/application (0.4ms)
Completed 200 OK in 27ms (Views: 10.4ms | ActiveRecord: 0.2ms)
  [1m[36m (0.1ms)[0m  [1mbegin transaction[0m
  [1m[35mSQL (0.4ms)[0m  INSERT INTO "posts" ("title", "description", "created_at", "updated_at") VALUES (?, ?, ?, ?)  [["title", "Title Goes Here"], ["description", "Desc goes here..."], ["created_at", "2017-10-15 04:52:32.951724"], ["updated_at", "2017-10-15 04:52:32.951724"]]
  [1m[36m (2.0ms)[0m  [1mcommit transaction[0m


Started GET "/students" for ::1 at 2017-10-15 01:05:10 -0400
  [1m[36mActiveRecord::SchemaMigration Load (0.1ms)[0m  [1mSELECT "schema_migrations".* FROM "schema_migrations"[0m

ActionController::RoutingError (No route matches [GET] "/students"):
  actionpack (4.2.5) lib/action_dispatch/middleware/debug_exceptions.rb:21:in `call'
  web-console (2.2.1) lib/web_console/middleware.rb:39:in `call'
  actionpack (4.2.5) lib/action_dispatch/middleware/show_exceptions.rb:30:in `call'
  railties (4.2.5) lib/rails/rack/logger.rb:38:in `call_app'
  railties (4.2.5) lib/rails/rack/logger.rb:20:in `block in call'
  activesupport (4.2.5) lib/active_support/tagged_logging.rb:68:in `block in tagged'
  activesupport (4.2.5) lib/active_support/tagged_logging.rb:26:in `tagged'
  activesupport (4.2.5) lib/active_support/tagged_logging.rb:68:in `tagged'
  railties (4.2.5) lib/rails/rack/logger.rb:20:in `call'
  actionpack (4.2.5) lib/action_dispatch/middleware/request_id.rb:21:in `call'
  rack (1.6.4) lib/rack/methodoverride.rb:22:in `call'
  rack (1.6.4) lib/rack/runtime.rb:18:in `call'
  activesupport (4.2.5) lib/active_support/cache/strategy/local_cache_middleware.rb:28:in `call'
  rack (1.6.4) lib/rack/lock.rb:17:in `call'
  actionpack (4.2.5) lib/action_dispatch/middleware/static.rb:116:in `call'
  rack (1.6.4) lib/rack/sendfile.rb:113:in `call'
  railties (4.2.5) lib/rails/engine.rb:518:in `call'
  railties (4.2.5) lib/rails/application.rb:165:in `call'
  rack (1.6.4) lib/rack/lock.rb:17:in `call'
  rack (1.6.4) lib/rack/content_length.rb:15:in `call'
  rack (1.6.4) lib/rack/handler/webrick.rb:88:in `service'
  /Users/kennethjiang/.rvm/rubies/ruby-2.3.3/lib/ruby/2.3.0/webrick/httpserver.rb:140:in `service'
  /Users/kennethjiang/.rvm/rubies/ruby-2.3.3/lib/ruby/2.3.0/webrick/httpserver.rb:96:in `run'
  /Users/kennethjiang/.rvm/rubies/ruby-2.3.3/lib/ruby/2.3.0/webrick/server.rb:296:in `block in start_thread'


  Rendered /Users/kennethjiang/.rvm/gems/ruby-2.3.3/gems/actionpack-4.2.5/lib/action_dispatch/middleware/templates/rescues/_trace.html.erb (1.0ms)
  Rendered /Users/kennethjiang/.rvm/gems/ruby-2.3.3/gems/actionpack-4.2.5/lib/action_dispatch/middleware/templates/routes/_route.html.erb (5.2ms)
  Rendered /Users/kennethjiang/.rvm/gems/ruby-2.3.3/gems/actionpack-4.2.5/lib/action_dispatch/middleware/templates/routes/_table.html.erb (6.2ms)
  Rendered /Users/kennethjiang/.rvm/gems/ruby-2.3.3/gems/actionpack-4.2.5/lib/action_dispatch/middleware/templates/rescues/_request_and_response.html.erb (8.2ms)
  Rendered /Users/kennethjiang/.rvm/gems/ruby-2.3.3/gems/actionpack-4.2.5/lib/action_dispatch/middleware/templates/rescues/routing_error.html.erb within rescues/layout (77.4ms)
  Rendered /Users/kennethjiang/.rvm/gems/ruby-2.3.3/gems/web-console-2.2.1/lib/web_console/templates/_markup.html.erb (0.3ms)
  Rendered /Users/kennethjiang/.rvm/gems/ruby-2.3.3/gems/web-console-2.2.1/lib/web_console/templates/_inner_console_markup.html.erb within layouts/inlined_string (0.2ms)
  Rendered /Users/kennethjiang/.rvm/gems/ruby-2.3.3/gems/web-console-2.2.1/lib/web_console/templates/_prompt_box_markup.html.erb within layouts/inlined_string (0.2ms)
  Rendered /Users/kennethjiang/.rvm/gems/ruby-2.3.3/gems/web-console-2.2.1/lib/web_console/templates/style.css.erb within layouts/inlined_string (0.3ms)
  Rendered /Users/kennethjiang/.rvm/gems/ruby-2.3.3/gems/web-console-2.2.1/lib/web_console/templates/console.js.erb within layouts/javascript (40.4ms)
  Rendered /Users/kennethjiang/.rvm/gems/ruby-2.3.3/gems/web-console-2.2.1/lib/web_console/templates/main.js.erb within layouts/javascript (0.3ms)
  Rendered /Users/kennethjiang/.rvm/gems/ruby-2.3.3/gems/web-console-2.2.1/lib/web_console/templates/error_page.js.erb within layouts/javascript (0.5ms)
  Rendered /Users/kennethjiang/.rvm/gems/ruby-2.3.3/gems/web-console-2.2.1/lib/web_console/templates/index.html.erb (88.8ms)


Started GET "/posts" for ::1 at 2017-10-15 01:05:13 -0400
Processing by PostsController#index as HTML
  [1m[35mPost Load (0.8ms)[0m  SELECT "posts".* FROM "posts"
  Rendered posts/index.html.erb within layouts/application (9.1ms)
Completed 200 OK in 330ms (Views: 325.7ms | ActiveRecord: 1.2ms)


Started GET "/posts/new" for ::1 at 2017-10-15 01:05:18 -0400
Processing by PostsController#new as HTML
  Rendered posts/new.html.erb within layouts/application (1.1ms)
Completed 200 OK in 28ms (Views: 27.4ms | ActiveRecord: 0.0ms)


Started POST "/posts" for ::1 at 2017-10-15 01:05:24 -0400
Processing by PostsController#create as HTML
  Parameters: {"utf8"=>"✓", "authenticity_token"=>"rpi1bDHlDSFiR7z/h7lwselONIIHfY0PSSOSwpKhVC2RDzXmZZmPQcA+ss5N9ck30AdaoURr6DQzTxSfw1o9uw==", "title"=>"Hello", "description"=>"Goodbye", "commit"=>"Submit Post"}
  [1m[36m (0.1ms)[0m  [1mbegin transaction[0m
  [1m[35mSQL (0.3ms)[0m  INSERT INTO "posts" ("title", "description", "created_at", "updated_at") VALUES (?, ?, ?, ?)  [["title", "Hello"], ["description", "Goodbye"], ["created_at", "2017-10-15 05:05:24.184658"], ["updated_at", "2017-10-15 05:05:24.184658"]]
  [1m[36m (1.2ms)[0m  [1mcommit transaction[0m
Redirected to http://localhost:3000/posts/3
Completed 302 Found in 10ms (ActiveRecord: 1.5ms)


Started GET "/posts/3" for ::1 at 2017-10-15 01:05:24 -0400
Processing by PostsController#show as HTML
  Parameters: {"id"=>"3"}
  [1m[35mPost Load (0.1ms)[0m  SELECT  "posts".* FROM "posts" WHERE "posts"."id" = ? LIMIT 1  [["id", 3]]
  Rendered posts/show.html.erb within layouts/application (0.3ms)
Completed 200 OK in 23ms (Views: 17.3ms | ActiveRecord: 0.1ms)


Started GET "/posts/3" for ::1 at 2017-10-15 01:05:33 -0400
Processing by PostsController#show as HTML
  Parameters: {"id"=>"3"}
  [1m[36mPost Load (0.1ms)[0m  [1mSELECT  "posts".* FROM "posts" WHERE "posts"."id" = ? LIMIT 1[0m  [["id", 3]]
  Rendered posts/show.html.erb within layouts/application (0.1ms)
Completed 200 OK in 22ms (Views: 15.5ms | ActiveRecord: 0.4ms)


Started GET "/posts/3" for ::1 at 2017-10-15 01:05:39 -0400
Processing by PostsController#show as HTML
  Parameters: {"id"=>"3"}
  [1m[35mPost Load (0.1ms)[0m  SELECT  "posts".* FROM "posts" WHERE "posts"."id" = ? LIMIT 1  [["id", 3]]
  Rendered posts/show.html.erb within layouts/application (0.1ms)
Completed 200 OK in 12ms (Views: 11.2ms | ActiveRecord: 0.1ms)


Started GET "/posts" for ::1 at 2017-10-15 01:05:42 -0400
Processing by PostsController#index as HTML
  [1m[36mPost Load (0.1ms)[0m  [1mSELECT "posts".* FROM "posts"[0m
  Rendered posts/index.html.erb within layouts/application (0.6ms)
Completed 200 OK in 12ms (Views: 11.4ms | ActiveRecord: 0.1ms)


Started GET "/posts" for ::1 at 2017-10-15 01:06:24 -0400
Processing by PostsController#index as HTML
  [1m[35mPost Load (0.2ms)[0m  SELECT "posts".* FROM "posts"
  Rendered posts/index.html.erb within layouts/application (3.3ms)
Completed 200 OK in 18ms (Views: 15.8ms | ActiveRecord: 0.5ms)


Started GET "/posts/1" for ::1 at 2017-10-15 01:06:28 -0400
Processing by PostsController#show as HTML
  Parameters: {"id"=>"1"}
  [1m[36mPost Load (0.2ms)[0m  [1mSELECT  "posts".* FROM "posts" WHERE "posts"."id" = ? LIMIT 1[0m  [["id", 1]]
  Rendered posts/show.html.erb within layouts/application (0.1ms)
Completed 200 OK in 15ms (Views: 13.8ms | ActiveRecord: 0.2ms)


Started GET "/posts/2" for ::1 at 2017-10-15 01:06:31 -0400
Processing by PostsController#show as HTML
  Parameters: {"id"=>"2"}
  [1m[35mPost Load (0.1ms)[0m  SELECT  "posts".* FROM "posts" WHERE "posts"."id" = ? LIMIT 1  [["id", 2]]
  Rendered posts/show.html.erb within layouts/application (0.3ms)
Completed 200 OK in 15ms (Views: 14.6ms | ActiveRecord: 0.1ms)


Started GET "/posts/3" for ::1 at 2017-10-15 01:06:37 -0400
Processing by PostsController#show as HTML
  Parameters: {"id"=>"3"}
  [1m[36mPost Load (0.1ms)[0m  [1mSELECT  "posts".* FROM "posts" WHERE "posts"."id" = ? LIMIT 1[0m  [["id", 3]]
  Rendered posts/show.html.erb within layouts/application (0.1ms)
Completed 200 OK in 17ms (Views: 15.6ms | ActiveRecord: 0.1ms)


Started GET "/posts/new" for ::1 at 2017-10-15 01:06:41 -0400
Processing by PostsController#new as HTML
  Rendered posts/new.html.erb within layouts/application (0.4ms)
Completed 200 OK in 20ms (Views: 19.9ms | ActiveRecord: 0.0ms)


Started POST "/posts" for ::1 at 2017-10-15 01:06:44 -0400
Processing by PostsController#create as HTML
  Parameters: {"utf8"=>"✓", "authenticity_token"=>"ViIenOj9L1dbarZ1IZP6rvqYOa5cGdBbVvd5UP10SYtptZ4WvIGtN/kTuETr30Mow9FXjR8PtWAsm/8NrI8gHQ==", "title"=>"sdfs", "description"=>"fsd", "commit"=>"Submit Post"}
  [1m[35m (0.1ms)[0m  begin transaction
  [1m[36mSQL (0.3ms)[0m  [1mINSERT INTO "posts" ("title", "description", "created_at", "updated_at") VALUES (?, ?, ?, ?)[0m  [["title", "sdfs"], ["description", "fsd"], ["created_at", "2017-10-15 05:06:44.451183"], ["updated_at", "2017-10-15 05:06:44.451183"]]
  [1m[35m (1.2ms)[0m  commit transaction
Redirected to http://localhost:3000/posts.4
Completed 302 Found in 5ms (ActiveRecord: 1.6ms)


Started GET "/posts.4" for ::1 at 2017-10-15 01:06:44 -0400
Processing by PostsController#index as 
  [1m[36mPost Load (0.1ms)[0m  [1mSELECT "posts".* FROM "posts"[0m
  Rendered posts/index.html.erb within layouts/application (1.0ms)
Completed 200 OK in 23ms (Views: 22.3ms | ActiveRecord: 0.1ms)


Started GET "/posts/new" for ::1 at 2017-10-15 01:06:54 -0400
Processing by PostsController#new as HTML
  Rendered posts/new.html.erb within layouts/application (0.3ms)
Completed 200 OK in 17ms (Views: 16.0ms | ActiveRecord: 0.0ms)


Started POST "/posts" for ::1 at 2017-10-15 01:06:57 -0400
Processing by PostsController#create as HTML
  Parameters: {"utf8"=>"✓", "authenticity_token"=>"hBxZbF1tAPro0WVsWRUkDGq5vrKkJT4eqeQPOhOX7N+7i9nmCRGCmkqoa12TWZ2KU/DQkeczWyXTiIlnQmyFSQ==", "title"=>"dfs", "description"=>"fsdf", "commit"=>"Submit Post"}
  [1m[35m (0.1ms)[0m  begin transaction
  [1m[36mSQL (0.2ms)[0m  [1mINSERT INTO "posts" ("title", "description", "created_at", "updated_at") VALUES (?, ?, ?, ?)[0m  [["title", "dfs"], ["description", "fsdf"], ["created_at", "2017-10-15 05:06:57.104753"], ["updated_at", "2017-10-15 05:06:57.104753"]]
  [1m[35m (0.8ms)[0m  commit transaction
Redirected to http://localhost:3000/posts.5
Completed 302 Found in 4ms (ActiveRecord: 1.0ms)


Started GET "/posts.5" for ::1 at 2017-10-15 01:06:57 -0400
Processing by PostsController#index as 
  [1m[36mPost Load (0.3ms)[0m  [1mSELECT "posts".* FROM "posts"[0m
  Rendered posts/index.html.erb within layouts/application (0.7ms)
Completed 200 OK in 21ms (Views: 20.0ms | ActiveRecord: 0.3ms)


Started GET "/posts.5" for ::1 at 2017-10-15 01:07:08 -0400
Processing by PostsController#index as 
  [1m[35mPost Load (0.2ms)[0m  SELECT "posts".* FROM "posts"
  Rendered posts/index.html.erb within layouts/application (7.8ms)
Completed 200 OK in 31ms (Views: 28.1ms | ActiveRecord: 0.8ms)


Started GET "/posts/new" for ::1 at 2017-10-15 01:07:11 -0400
Processing by PostsController#new as HTML
  Rendered posts/new.html.erb within layouts/application (0.3ms)
Completed 200 OK in 10ms (Views: 9.1ms | ActiveRecord: 0.0ms)


Started POST "/posts" for ::1 at 2017-10-15 01:07:13 -0400
Processing by PostsController#create as HTML
  Parameters: {"utf8"=>"✓", "authenticity_token"=>"jTMxQ96uNI+rtJW8gvZW3EExiIIM0i5NYa08OT4mzAuypLHJitK27wnNm41Iuu9aeHjmoU/ES3Ybwbpkb92lnQ==", "title"=>"fdsf", "description"=>"fsd", "commit"=>"Submit Post"}
  [1m[36m (0.1ms)[0m  [1mbegin transaction[0m
  [1m[35mSQL (0.2ms)[0m  INSERT INTO "posts" ("title", "description", "created_at", "updated_at") VALUES (?, ?, ?, ?)  [["title", "fdsf"], ["description", "fsd"], ["created_at", "2017-10-15 05:07:13.405865"], ["updated_at", "2017-10-15 05:07:13.405865"]]
  [1m[36m (1.2ms)[0m  [1mcommit transaction[0m
Redirected to http://localhost:3000/posts/6
Completed 302 Found in 4ms (ActiveRecord: 1.5ms)


Started GET "/posts/6" for ::1 at 2017-10-15 01:07:13 -0400
Processing by PostsController#show as HTML
  Parameters: {"id"=>"6"}
  [1m[35mPost Load (0.3ms)[0m  SELECT  "posts".* FROM "posts" WHERE "posts"."id" = ? LIMIT 1  [["id", 6]]
  Rendered posts/show.html.erb within layouts/application (0.1ms)
Completed 200 OK in 17ms (Views: 15.1ms | ActiveRecord: 0.3ms)
